<?xml version="1.0" encoding="UTF-8"?>
<testsuite name="com.empresa.demo.EmpresaApplicationTests" tests="1" skipped="0" failures="0" errors="0" timestamp="2022-02-06T09:29:30" hostname="MacBook-Air-de-Diego.local" time="0.212">
  <properties/>
  <testcase name="contextLoads()" classname="com.empresa.demo.EmpresaApplicationTests" time="0.212"/>
  <system-out><![CDATA[10:29:25.541 [Test worker] DEBUG org.springframework.test.context.BootstrapUtils - Instantiating CacheAwareContextLoaderDelegate from class [org.springframework.test.context.cache.DefaultCacheAwareContextLoaderDelegate]
10:29:25.552 [Test worker] DEBUG org.springframework.test.context.BootstrapUtils - Instantiating BootstrapContext using constructor [public org.springframework.test.context.support.DefaultBootstrapContext(java.lang.Class,org.springframework.test.context.CacheAwareContextLoaderDelegate)]
10:29:25.589 [Test worker] DEBUG org.springframework.test.context.BootstrapUtils - Instantiating TestContextBootstrapper for test class [com.empresa.demo.EmpresaApplicationTests] from class [org.springframework.boot.test.context.SpringBootTestContextBootstrapper]
10:29:25.606 [Test worker] INFO org.springframework.boot.test.context.SpringBootTestContextBootstrapper - Neither @ContextConfiguration nor @ContextHierarchy found for test class [com.empresa.demo.EmpresaApplicationTests], using SpringBootContextLoader
10:29:25.610 [Test worker] DEBUG org.springframework.test.context.support.AbstractContextLoader - Did not detect default resource location for test class [com.empresa.demo.EmpresaApplicationTests]: class path resource [com/empresa/demo/EmpresaApplicationTests-context.xml] does not exist
10:29:25.611 [Test worker] DEBUG org.springframework.test.context.support.AbstractContextLoader - Did not detect default resource location for test class [com.empresa.demo.EmpresaApplicationTests]: class path resource [com/empresa/demo/EmpresaApplicationTestsContext.groovy] does not exist
10:29:25.611 [Test worker] INFO org.springframework.test.context.support.AbstractContextLoader - Could not detect default resource locations for test class [com.empresa.demo.EmpresaApplicationTests]: no resource found for suffixes {-context.xml, Context.groovy}.
10:29:25.612 [Test worker] INFO org.springframework.test.context.support.AnnotationConfigContextLoaderUtils - Could not detect default configuration classes for test class [com.empresa.demo.EmpresaApplicationTests]: EmpresaApplicationTests does not declare any static, non-private, non-final, nested classes annotated with @Configuration.
10:29:25.678 [Test worker] DEBUG org.springframework.test.context.support.ActiveProfilesUtils - Could not find an 'annotation declaring class' for annotation type [org.springframework.test.context.ActiveProfiles] and class [com.empresa.demo.EmpresaApplicationTests]
10:29:25.746 [Test worker] DEBUG org.springframework.context.annotation.ClassPathScanningCandidateComponentProvider - Identified candidate component class: file [/Users/diegomartinezgiardini/Workspace/React/suppliers-service/build/classes/java/main/com/empresa/demo/EmpresaApplication.class]
10:29:25.747 [Test worker] INFO org.springframework.boot.test.context.SpringBootTestContextBootstrapper - Found @SpringBootConfiguration com.empresa.demo.EmpresaApplication for test class com.empresa.demo.EmpresaApplicationTests
10:29:25.859 [Test worker] DEBUG org.springframework.boot.test.context.SpringBootTestContextBootstrapper - @TestExecutionListeners is not present for class [com.empresa.demo.EmpresaApplicationTests]: using defaults.
10:29:25.860 [Test worker] INFO org.springframework.boot.test.context.SpringBootTestContextBootstrapper - Loaded default TestExecutionListener class names from location [META-INF/spring.factories]: [org.springframework.boot.test.autoconfigure.restdocs.RestDocsTestExecutionListener, org.springframework.boot.test.autoconfigure.web.client.MockRestServiceServerResetTestExecutionListener, org.springframework.boot.test.autoconfigure.web.servlet.MockMvcPrintOnlyOnFailureTestExecutionListener, org.springframework.boot.test.autoconfigure.web.servlet.WebDriverTestExecutionListener, org.springframework.boot.test.autoconfigure.webservices.client.MockWebServiceServerTestExecutionListener, org.springframework.boot.test.mock.mockito.MockitoTestExecutionListener, org.springframework.boot.test.mock.mockito.ResetMocksTestExecutionListener, org.springframework.test.context.web.ServletTestExecutionListener, org.springframework.test.context.support.DirtiesContextBeforeModesTestExecutionListener, org.springframework.test.context.event.ApplicationEventsTestExecutionListener, org.springframework.test.context.support.DependencyInjectionTestExecutionListener, org.springframework.test.context.support.DirtiesContextTestExecutionListener, org.springframework.test.context.transaction.TransactionalTestExecutionListener, org.springframework.test.context.jdbc.SqlScriptsTestExecutionListener, org.springframework.test.context.event.EventPublishingTestExecutionListener]
10:29:25.883 [Test worker] INFO org.springframework.boot.test.context.SpringBootTestContextBootstrapper - Using TestExecutionListeners: [org.springframework.test.context.web.ServletTestExecutionListener@5c3b6c6e, org.springframework.test.context.support.DirtiesContextBeforeModesTestExecutionListener@4fbda97b, org.springframework.test.context.event.ApplicationEventsTestExecutionListener@75f5fd58, org.springframework.boot.test.mock.mockito.MockitoTestExecutionListener@37b70343, org.springframework.boot.test.autoconfigure.SpringBootDependencyInjectionTestExecutionListener@306851c7, org.springframework.test.context.support.DirtiesContextTestExecutionListener@12bcd0c0, org.springframework.test.context.transaction.TransactionalTestExecutionListener@4879f0f2, org.springframework.test.context.jdbc.SqlScriptsTestExecutionListener@47db5fa5, org.springframework.test.context.event.EventPublishingTestExecutionListener@354fc8f0, org.springframework.boot.test.autoconfigure.restdocs.RestDocsTestExecutionListener@41813449, org.springframework.boot.test.autoconfigure.web.client.MockRestServiceServerResetTestExecutionListener@4678a2eb, org.springframework.boot.test.autoconfigure.web.servlet.MockMvcPrintOnlyOnFailureTestExecutionListener@5b43fbf6, org.springframework.boot.test.autoconfigure.web.servlet.WebDriverTestExecutionListener@1080b026, org.springframework.boot.test.autoconfigure.webservices.client.MockWebServiceServerTestExecutionListener@58ebfd03, org.springframework.boot.test.mock.mockito.ResetMocksTestExecutionListener@5b07730f]
10:29:25.886 [Test worker] DEBUG org.springframework.test.context.support.AbstractDirtiesContextTestExecutionListener - Before test class: context [DefaultTestContext@4bef0fe3 testClass = EmpresaApplicationTests, testInstance = [null], testMethod = [null], testException = [null], mergedContextConfiguration = [WebMergedContextConfiguration@62ea3440 testClass = EmpresaApplicationTests, locations = '{}', classes = '{class com.empresa.demo.EmpresaApplication}', contextInitializerClasses = '[]', activeProfiles = '{}', propertySourceLocations = '{}', propertySourceProperties = '{org.springframework.boot.test.context.SpringBootTestContextBootstrapper=true}', contextCustomizers = set[org.springframework.boot.test.autoconfigure.actuate.metrics.MetricsExportContextCustomizerFactory$DisableMetricExportContextCustomizer@20ca951f, org.springframework.boot.test.autoconfigure.properties.PropertyMappingContextCustomizer@0, org.springframework.boot.test.autoconfigure.web.servlet.WebDriverContextCustomizerFactory$Customizer@181e731e, org.springframework.boot.test.context.filter.ExcludeFilterContextCustomizer@17d88132, org.springframework.boot.test.json.DuplicateJsonObjectContextCustomizerFactory$DuplicateJsonObjectContextCustomizer@5ef5c734, org.springframework.boot.test.mock.mockito.MockitoContextCustomizer@0, org.springframework.boot.test.web.client.TestRestTemplateContextCustomizer@327bcebd, org.springframework.boot.test.context.SpringBootTestArgs@1, org.springframework.boot.test.context.SpringBootTestWebEnvironment@399c4be1], resourceBasePath = 'src/main/webapp', contextLoader = 'org.springframework.boot.test.context.SpringBootContextLoader', parent = [null]], attributes = map['org.springframework.test.context.web.ServletTestExecutionListener.activateListener' -> true]], class annotated with @DirtiesContext [false] with mode [null].

  .   ____          _            __ _ _
 /\\ / ___'_ __ _ _(_)_ __  __ _ \ \ \ \
( ( )\___ | '_ | '_| | '_ \/ _` | \ \ \ \
 \\/  ___)| |_)| | | | | || (_| |  ) ) ) )
  '  |____| .__|_| |_|_| |_\__, | / / / /
 =========|_|==============|___/=/_/_/_/
 :: Spring Boot ::                (v2.6.3)

2022-02-06 10:29:26.420  INFO 25375 --- [    Test worker] c.empresa.demo.EmpresaApplicationTests   : Starting EmpresaApplicationTests using Java 17.0.1 on MacBook-Air-de-Diego.local with PID 25375 (started by diegomartinezgiardini in /Users/diegomartinezgiardini/Workspace/React/suppliers-service)
2022-02-06 10:29:26.421  INFO 25375 --- [    Test worker] c.empresa.demo.EmpresaApplicationTests   : No active profile set, falling back to default profiles: default
2022-02-06 10:29:27.212  INFO 25375 --- [    Test worker] .s.d.r.c.RepositoryConfigurationDelegate : Bootstrapping Spring Data JPA repositories in DEFAULT mode.
2022-02-06 10:29:27.269  INFO 25375 --- [    Test worker] .s.d.r.c.RepositoryConfigurationDelegate : Finished Spring Data repository scanning in 49 ms. Found 1 JPA repository interfaces.
2022-02-06 10:29:27.931  INFO 25375 --- [    Test worker] com.zaxxer.hikari.HikariDataSource       : HikariPool-1 - Starting...
2022-02-06 10:29:28.158  INFO 25375 --- [    Test worker] com.zaxxer.hikari.HikariDataSource       : HikariPool-1 - Start completed.
2022-02-06 10:29:28.222  INFO 25375 --- [    Test worker] o.hibernate.jpa.internal.util.LogHelper  : HHH000204: Processing PersistenceUnitInfo [name: default]
2022-02-06 10:29:28.270  INFO 25375 --- [    Test worker] org.hibernate.Version                    : HHH000412: Hibernate ORM core version 5.6.4.Final
2022-02-06 10:29:28.486  INFO 25375 --- [    Test worker] o.hibernate.annotations.common.Version   : HCANN000001: Hibernate Commons Annotations {5.1.2.Final}
2022-02-06 10:29:28.669  INFO 25375 --- [    Test worker] org.hibernate.dialect.Dialect            : HHH000400: Using dialect: org.hibernate.dialect.PostgreSQL10Dialect
2022-02-06 10:29:29.226  INFO 25375 --- [    Test worker] o.h.e.t.j.p.i.JtaPlatformInitiator       : HHH000490: Using JtaPlatform implementation: [org.hibernate.engine.transaction.jta.platform.internal.NoJtaPlatform]
2022-02-06 10:29:29.249  INFO 25375 --- [    Test worker] j.LocalContainerEntityManagerFactoryBean : Initialized JPA EntityManagerFactory for persistence unit 'default'
2022-02-06 10:29:29.804  WARN 25375 --- [    Test worker] JpaBaseConfiguration$JpaWebConfiguration : spring.jpa.open-in-view is enabled by default. Therefore, database queries may be performed during view rendering. Explicitly configure spring.jpa.open-in-view to disable this warning
2022-02-06 10:29:30.417  INFO 25375 --- [    Test worker] c.empresa.demo.EmpresaApplicationTests   : Started EmpresaApplicationTests in 4.483 seconds (JVM running for 5.846)
]]></system-out>
  <system-err><![CDATA[]]></system-err>
</testsuite>
